            TRNSYS - the TRaNsient SYstem Simulation program

   The Solar Energy Lab at the University of Wisconsin - Madison, USA
Le Centre Scientifique et Technique du Batiment, Sophia Antipolis, France
           Transsolar Energietechnik GmBH, Stuttgart, Germany
        Thermal Energy System Specialists, LLC, Madison Wisconsin, USA

                           Release 17.02.0004

Simulation log for: "C:\Daten\spfPackages\GIT\iceStorage\example\FP_type861.dck"
 
*** Notice at time        :         0.000000
    Generated by Unit     : Not applicable or not available
    Generated by Type     : Not applicable or not available
    Message               : The TRNSYS Executable (TRNExe.exe) and main DLL (TRNDll.dll) are located in "C:\Trnsys17\Exe"
 
*** Notice at time        :         0.000000
    Generated by Unit     : Not applicable or not available
    Generated by Type     : Not applicable or not available
    TRNSYS Message     90 : TRNDll.dll is compiled in release mode. External DLLs will be loaded from the .\UserLib\ReleaseDLLs\ directory.
    Reported information  : Not available
 
*** Notice at time        :         0.000000
    Generated by Unit     : Not applicable or not available
    Generated by Type     : Not applicable or not available
    Message               : The following Types were loaded from TRNDll.dll: Type9, Type25
 
*** Notice at time        :         0.000000
    Generated by Unit     : Not applicable or not available
    Generated by Type     : Not applicable or not available
    Message               : The following Types were loaded from "aatype861Trnsys17-v31deb.dll": Type861
 
*** Notice at time        :         0.000000
    Generated by Unit     : Not applicable or not available
    Generated by Type     : Not applicable or not available
    Message               : "atype1792-DC-v1-deb.dll" was found but did not contain any components from the input file.
 
*** Notice at time        :         0.000000
    Generated by Unit     : Not applicable or not available
    Generated by Type     : Not applicable or not available
    Message               : "atype1792-DC-v1deb.dll" was found but did not contain any components from the input file.
 
*** Notice at time        :         0.000000
    Generated by Unit     : Not applicable or not available
    Generated by Type     : Not applicable or not available
    Message               : "atype1924-v35.dll" was found but did not contain any components from the input file.
 
*** Notice at time        :         0.000000
    Generated by Unit     : Not applicable or not available
    Generated by Type     : Not applicable or not available
    Message               : "atype1925-v36.dll" was found but did not contain any components from the input file.
 
*** Notice at time        :         0.000000
    Generated by Unit     : Not applicable or not available
    Generated by Type     : Not applicable or not available
    Message               : "atype1926-v35.dll" was found but did not contain any components from the input file.
 
*** Notice at time        :         0.000000
    Generated by Unit     : Not applicable or not available
    Generated by Type     : Not applicable or not available
    Message               : "atype1972-MB-v01.dll" was found but did not contain any components from the input file.
 
*** Notice at time        :         0.000000
    Generated by Unit     : Not applicable or not available
    Generated by Type     : Not applicable or not available
    Message               : "aType340.dll" was found but did not contain any components from the input file.
 
*** Notice at time        :         0.000000
    Generated by Unit     : Not applicable or not available
    Generated by Type     : Not applicable or not available
    Message               : "atype3621-MB-v0.dll" was found but did not contain any components from the input file.
 
*** Notice at time        :         0.000000
    Generated by Unit     : Not applicable or not available
    Generated by Type     : Not applicable or not available
    Message               : "atype3622-DC-v0deb.dll" was found but did not contain any components from the input file.
 
*** Notice at time        :         0.000000
    Generated by Unit     : Not applicable or not available
    Generated by Type     : Not applicable or not available
    Message               : "atype3623-DC-v0deb.dll" was found but did not contain any components from the input file.
 
*** Notice at time        :         0.000000
    Generated by Unit     : Not applicable or not available
    Generated by Type     : Not applicable or not available
    Message               : "aType451-deb.dll" was found but did not contain any components from the input file.
 
*** Notice at time        :         0.000000
    Generated by Unit     : Not applicable or not available
    Generated by Type     : Not applicable or not available
    Message               : "aType451.dll" was found but did not contain any components from the input file.
 
*** Notice at time        :         0.000000
    Generated by Unit     : Not applicable or not available
    Generated by Type     : Not applicable or not available
    Message               : "atype5897-v0deb.dll" was found but did not contain any components from the input file.
 
*** Notice at time        :         0.000000
    Generated by Unit     : Not applicable or not available
    Generated by Type     : Not applicable or not available
    Message               : "atype5997-MB-v0.dll" was found but did not contain any components from the input file.
 
*** Notice at time        :         0.000000
    Generated by Unit     : Not applicable or not available
    Generated by Type     : Not applicable or not available
    Message               : "atype5998-DC-v1-deb.dll" was found but did not contain any components from the input file.
 
*** Notice at time        :         0.000000
    Generated by Unit     : Not applicable or not available
    Generated by Type     : Not applicable or not available
    Message               : "atype5998-DC-v1deb.dll" was found but did not contain any components from the input file.
 
*** Notice at time        :         0.000000
    Generated by Unit     : Not applicable or not available
    Generated by Type     : Not applicable or not available
    Message               : "atype709-v11.dll" was found but did not contain any components from the input file.
 
*** Notice at time        :         0.000000
    Generated by Unit     : Not applicable or not available
    Generated by Type     : Not applicable or not available
    Message               : "aType805v120.dll" was found but did not contain any components from the input file.
 
*** Notice at time        :         0.000000
    Generated by Unit     : Not applicable or not available
    Generated by Type     : Not applicable or not available
    Message               : "aType811v2.dll" was found but did not contain any components from the input file.
 
*** Notice at time        :         0.000000
    Generated by Unit     : Not applicable or not available
    Generated by Type     : Not applicable or not available
    Message               : "atype812-v10.dll" was found but did not contain any components from the input file.
 
*** Notice at time        :         0.000000
    Generated by Unit     : Not applicable or not available
    Generated by Type     : Not applicable or not available
    Message               : "aType832v500rel.dll" was found but did not contain any components from the input file.
 
*** Notice at time        :         0.000000
    Generated by Unit     : Not applicable or not available
    Generated by Type     : Not applicable or not available
    Message               : "aType833v510rel.dll" was found but did not contain any components from the input file.
 
*** Notice at time        :         0.000000
    Generated by Unit     : Not applicable or not available
    Generated by Type     : Not applicable or not available
    Message               : "aType843.dll" was found but did not contain any components from the input file.
 
*** Notice at time        :         0.000000
    Generated by Unit     : Not applicable or not available
    Generated by Type     : Not applicable or not available
    Message               : "atype859-v33-6.dll" was found but did not contain any components from the input file.
 
*** Notice at time        :         0.000000
    Generated by Unit     : Not applicable or not available
    Generated by Type     : Not applicable or not available
    Message               : "atype859-v33-DP.dll" was found but did not contain any components from the input file.
 
*** Notice at time        :         0.000000
    Generated by Unit     : Not applicable or not available
    Generated by Type     : Not applicable or not available
    Message               : "atype860-v3.dll" was found but did not contain any components from the input file.
 
*** Warning at time       :         0.000000
    Generated by Unit     : Not applicable or not available
    Generated by Type     :   861
    TRNSYS Message    200 : This TYPE was found in more than one DLL. The first instance of the TYPE was loaded. Subsequent instances have been ignored
    Reported information  : A duplicate of TYPE861 was found in "atype861Trnsys17-v31deb.dll"
 
*** Notice at time        :         0.000000
    Generated by Unit     : Not applicable or not available
    Generated by Type     : Not applicable or not available
    Message               : The following Types were loaded from "atype861Trnsys17-v31deb.dll":
 
*** Notice at time        :         0.000000
    Generated by Unit     : Not applicable or not available
    Generated by Type     : Not applicable or not available
    Message               : "atype862-DEB-v0.dll" was found but did not contain any components from the input file.
 
*** Notice at time        :         0.000000
    Generated by Unit     : Not applicable or not available
    Generated by Type     : Not applicable or not available
    Message               : "atype863-v5-deb.dll" was found but did not contain any components from the input file.
 
*** Notice at time        :         0.000000
    Generated by Unit     : Not applicable or not available
    Generated by Type     : Not applicable or not available
    Message               : "aType877v155.dll" was found but did not contain any components from the input file.
 
*** Notice at time        :         0.000000
    Generated by Unit     : Not applicable or not available
    Generated by Type     : Not applicable or not available
    Message               : "atype888_v0.dll" was found but did not contain any components from the input file.
 
*** Notice at time        :         0.000000
    Generated by Unit     : Not applicable or not available
    Generated by Type     : Not applicable or not available
    Message               : "aType929.dll" was found but did not contain any components from the input file.
 
*** Notice at time        :         0.000000
    Generated by Unit     : Not applicable or not available
    Generated by Type     : Not applicable or not available
    Message               : "aType930.dll" was found but did not contain any components from the input file.
 
*** Notice at time        :         0.000000
    Generated by Unit     : Not applicable or not available
    Generated by Type     : Not applicable or not available
    Message               : "aType931-v1.dll" was found but did not contain any components from the input file.
 
*** Notice at time        :         0.000000
    Generated by Unit     : Not applicable or not available
    Generated by Type     : Not applicable or not available
    Message               : "atype933-v0.dll" was found but did not contain any components from the input file.
 
*** Notice at time        :         0.000000
    Generated by Unit     : Not applicable or not available
    Generated by Type     : Not applicable or not available
    Message               : "aType935-v2.dll" was found but did not contain any components from the input file.
 
*** Notice at time        :         0.000000
    Generated by Unit     : Not applicable or not available
    Generated by Type     : Not applicable or not available
    Message               : "atype936-v1.dll" was found but did not contain any components from the input file.
 
*** Notice at time        :         0.000000
    Generated by Unit     : Not applicable or not available
    Generated by Type     : Not applicable or not available
    Message               : "aType951v105_v2deb.dll" was found but did not contain any components from the input file.
 
*** Notice at time        :         0.000000
    Generated by Unit     : Not applicable or not available
    Generated by Type     : Not applicable or not available
    Message               : "aType952v0.dll" was found but did not contain any components from the input file.
 
*** Notice at time        :         0.000000
    Generated by Unit     : Not applicable or not available
    Generated by Type     : Not applicable or not available
    Message               : "aType955v102deb.dll" was found but did not contain any components from the input file.
 
*** Notice at time        :         0.000000
    Generated by Unit     : Not applicable or not available
    Generated by Type     : Not applicable or not available
    Message               : "aType966.dll" was found but did not contain any components from the input file.
 
*** Notice at time        :         0.000000
    Generated by Unit     : Not applicable or not available
    Generated by Type     : Not applicable or not available
    Message               : "atype977-v403deb.dll" was found but did not contain any components from the input file.
 
*** Notice at time        :         0.000000
    Generated by Unit     : Not applicable or not available
    Generated by Type     : Not applicable or not available
    Message               : "atype978-v403deb.dll" was found but did not contain any components from the input file.
 
*** Notice at time        :         0.000000
    Generated by Unit     : Not applicable or not available
    Generated by Type     : Not applicable or not available
    Message               : "atype979-v1-deb.dll" was found but did not contain any components from the input file.
 
*** Notice at time        :         0.000000
    Generated by Unit     : Not applicable or not available
    Generated by Type     : Not applicable or not available
    Message               : "aType993-release.dll" was found but did not contain any components from the input file.
 
*** Notice at time        :         0.000000
    Generated by Unit     : Not applicable or not available
    Generated by Type     : Not applicable or not available
    Message               : "FileReader.dll" was found but did not contain any components from the input file.
 
*** Notice at time        :         0.000000
    Generated by Unit     : Not applicable or not available
    Generated by Type     : Not applicable or not available
    Message               : "TESSApplicationsLibrary_v17.1.01_Release.dll" was found but did not contain any components from the input file.
 
*** Notice at time        :         0.000000
    Generated by Unit     : Not applicable or not available
    Generated by Type     : Not applicable or not available
    Message               : "TESSArchiveDLL_v2.04_Release.dll" was found but did not contain any components from the input file.
 
*** Notice at time        :         0.000000
    Generated by Unit     : Not applicable or not available
    Generated by Type     : Not applicable or not available
    Message               : "TESSCogenLibrary_v17.1.01_Release.dll" was found but did not contain any components from the input file.
 
*** Notice at time        :         0.000000
    Generated by Unit     : Not applicable or not available
    Generated by Type     : Not applicable or not available
    Message               : "TESSControllersLibrary_v17.1.01_Release.dll" was found but did not contain any components from the input file.
 
*** Notice at time        :         0.000000
    Generated by Unit     : Not applicable or not available
    Generated by Type     : Not applicable or not available
    Message               : "TESSElectricalLibrary_v17.1.01_Release.dll" was found but did not contain any components from the input file.
 
*** Notice at time        :         0.000000
    Generated by Unit     : Not applicable or not available
    Generated by Type     : Not applicable or not available
    Message               : "TESSGHPLibrary_v17.1.01_Release.dll" was found but did not contain any components from the input file.
 
*** Notice at time        :         0.000000
    Generated by Unit     : Not applicable or not available
    Generated by Type     : Not applicable or not available
    Message               : "TESSGroundCouplingLibrary_v17.1.01_Release.dll" was found but did not contain any components from the input file.
 
*** Notice at time        :         0.000000
    Generated by Unit     : Not applicable or not available
    Generated by Type     : Not applicable or not available
    Message               : "TESSGroundCouplingType1244_v17.1.01_Release.dll" was found but did not contain any components from the input file.
 
*** Notice at time        :         0.000000
    Generated by Unit     : Not applicable or not available
    Generated by Type     : Not applicable or not available
    Message               : "TESSGroundCouplingType1255_v17.1.01_Release.dll" was found but did not contain any components from the input file.
 
*** Notice at time        :         0.000000
    Generated by Unit     : Not applicable or not available
    Generated by Type     : Not applicable or not available
    Message               : "TESSGroundCouplingType1256_v17.1.01_Release.dll" was found but did not contain any components from the input file.
 
*** Notice at time        :         0.000000
    Generated by Unit     : Not applicable or not available
    Generated by Type     : Not applicable or not available
    Message               : "TESSGroundCouplingType957_v17.1.01_Release.dll" was found but did not contain any components from the input file.
 
*** Notice at time        :         0.000000
    Generated by Unit     : Not applicable or not available
    Generated by Type     : Not applicable or not available
    Message               : "TESSGroundCouplingType993_v17.1.01_Release.dll" was found but did not contain any components from the input file.
 
*** Notice at time        :         0.000000
    Generated by Unit     : Not applicable or not available
    Generated by Type     : Not applicable or not available
    Message               : "TESSHTSLibrary_v17.1.01_Release.dll" was found but did not contain any components from the input file.
 
*** Notice at time        :         0.000000
    Generated by Unit     : Not applicable or not available
    Generated by Type     : Not applicable or not available
    Message               : "TESSHVACLibrary_v17.1.01_Release.dll" was found but did not contain any components from the input file.
 
*** Notice at time        :         0.000000
    Generated by Unit     : Not applicable or not available
    Generated by Type     : Not applicable or not available
    Message               : "TESSHydronics_v17.1.01_Release.dll" was found but did not contain any components from the input file.
 
*** Notice at time        :         0.000000
    Generated by Unit     : Not applicable or not available
    Generated by Type     : Not applicable or not available
    Message               : "TESSLoadsStructuresLibrary_v17.1.01_Release.dll" was found but did not contain any components from the input file.
 
*** Notice at time        :         0.000000
    Generated by Unit     : Not applicable or not available
    Generated by Type     : Not applicable or not available
    Message               : "TESSOptimizationLibrary_v17.1.01_Release.dll" was found but did not contain any components from the input file.
 
*** Notice at time        :         0.000000
    Generated by Unit     : Not applicable or not available
    Generated by Type     : Not applicable or not available
    Message               : "TESSSolarLibrary_v17.1.01_Release.dll" was found but did not contain any components from the input file.
 
*** Notice at time        :         0.000000
    Generated by Unit     : Not applicable or not available
    Generated by Type     : Not applicable or not available
    Message               : "TESSStorageLibrary_v17.1.01_Release.dll" was found but did not contain any components from the input file.
 
*** Notice at time        :         0.000000
    Generated by Unit     : Not applicable or not available
    Generated by Type     : Not applicable or not available
    Message               : "TESSUtilityLibrary_v17.1.01_Release.dll" was found but did not contain any components from the input file.
 
*** Notice at time        :         0.000000
    Generated by Unit     : Not applicable or not available
    Generated by Type     : Not applicable or not available
    Message               : "Type 803.dll" was found but did not contain any components from the input file.
 
*** Notice at time        :         0.000000
    Generated by Unit     : Not applicable or not available
    Generated by Type     : Not applicable or not available
    Message               : "Type-5-893_TRNDLLT16_cvf66.dll" was found but did not contain any components from the input file.
 
*** Notice at time        :         0.000000
    Generated by Unit     : Not applicable or not available
    Generated by Type     : Not applicable or not available
    Message               : "type127.dll" was found but did not contain any components from the input file.
 
*** Notice at time        :         0.000000
    Generated by Unit     : Not applicable or not available
    Generated by Type     : Not applicable or not available
    Message               : "Type157.dll" was found but did not contain any components from the input file.
 
*** Notice at time        :         0.000000
    Generated by Unit     : Not applicable or not available
    Generated by Type     : Not applicable or not available
    Message               : "Type157_demo_release.dll" was found but did not contain any components from the input file.
 
*** Notice at time        :         0.000000
    Generated by Unit     : Not applicable or not available
    Generated by Type     : Not applicable or not available
    Message               : "Type159.dll" was found but did not contain any components from the input file.
 
*** Notice at time        :         0.000000
    Generated by Unit     : Not applicable or not available
    Generated by Type     : Not applicable or not available
    Message               : "type202.dll" was found but did not contain any components from the input file.
 
*** Notice at time        :         0.000000
    Generated by Unit     : Not applicable or not available
    Generated by Type     : Not applicable or not available
    Message               : "type203.dll" was found but did not contain any components from the input file.
 
*** Notice at time        :         0.000000
    Generated by Unit     : Not applicable or not available
    Generated by Type     : Not applicable or not available
    Message               : "Type225.dll" was found but did not contain any components from the input file.
 
*** Notice at time        :         0.000000
    Generated by Unit     : Not applicable or not available
    Generated by Type     : Not applicable or not available
    Message               : "Type277.dll" was found but did not contain any components from the input file.
 
*** Notice at time        :         0.000000
    Generated by Unit     : Not applicable or not available
    Generated by Type     : Not applicable or not available
    Message               : "type320.dll" was found but did not contain any components from the input file.
 
*** Notice at time        :         0.000000
    Generated by Unit     : Not applicable or not available
    Generated by Type     : Not applicable or not available
    Message               : "Type340.dll" was found but did not contain any components from the input file.
 
*** Notice at time        :         0.000000
    Generated by Unit     : Not applicable or not available
    Generated by Type     : Not applicable or not available
    Message               : "Type358.dll" was found but did not contain any components from the input file.
 
*** Notice at time        :         0.000000
    Generated by Unit     : Not applicable or not available
    Generated by Type     : Not applicable or not available
    Message               : "Type362_MH01.dll" was found but did not contain any components from the input file.
 
*** Notice at time        :         0.000000
    Generated by Unit     : Not applicable or not available
    Generated by Type     : Not applicable or not available
    Message               : "type451.dll" was found but did not contain any components from the input file.
 
*** Notice at time        :         0.000000
    Generated by Unit     : Not applicable or not available
    Generated by Type     : Not applicable or not available
    Message               : "Type5001_debug.dll" was found but did not contain any components from the input file.
 
*** Notice at time        :         0.000000
    Generated by Unit     : Not applicable or not available
    Generated by Type     : Not applicable or not available
    Message               : "Type56.dll" was found but did not contain any components from the input file.
 
*** Notice at time        :         0.000000
    Generated by Unit     : Not applicable or not available
    Generated by Type     : Not applicable or not available
    Message               : "Type76Lib.dll" was found but did not contain any components from the input file.
 
*** Notice at time        :         0.000000
    Generated by Unit     : Not applicable or not available
    Generated by Type     : Not applicable or not available
    Message               : "Type76Lib64.dll" was found but did not contain any components from the input file.
 
*** Notice at time        :         0.000000
    Generated by Unit     : Not applicable or not available
    Generated by Type     : Not applicable or not available
    Message               : "type79-W.dll" was found but did not contain any components from the input file.
 
*** Notice at time        :         0.000000
    Generated by Unit     : Not applicable or not available
    Generated by Type     : Not applicable or not available
    Message               : "Type79Lib.dll" was found but did not contain any components from the input file.
 
*** Notice at time        :         0.000000
    Generated by Unit     : Not applicable or not available
    Generated by Type     : Not applicable or not available
    Message               : "Type805v110.dll" was found but did not contain any components from the input file.
 
*** Notice at time        :         0.000000
    Generated by Unit     : Not applicable or not available
    Generated by Type     : Not applicable or not available
    Message               : "Type816.dll" was found but did not contain any components from the input file.
 
*** Notice at time        :         0.000000
    Generated by Unit     : Not applicable or not available
    Generated by Type     : Not applicable or not available
    Message               : "Type817rel.dll" was found but did not contain any components from the input file.
 
*** Notice at time        :         0.000000
    Generated by Unit     : Not applicable or not available
    Generated by Type     : Not applicable or not available
    Message               : "Type82Lib.dll" was found but did not contain any components from the input file.
 
*** Notice at time        :         0.000000
    Generated by Unit     : Not applicable or not available
    Generated by Type     : Not applicable or not available
    Message               : "Type82Lib64.dll" was found but did not contain any components from the input file.
 
*** Notice at time        :         0.000000
    Generated by Unit     : Not applicable or not available
    Generated by Type     : Not applicable or not available
    Message               : "Type832v500rel.dll" was found but did not contain any components from the input file.
 
*** Notice at time        :         0.000000
    Generated by Unit     : Not applicable or not available
    Generated by Type     : Not applicable or not available
    Message               : "Type833v500deb.dll" was found but did not contain any components from the input file.
 
*** Notice at time        :         0.000000
    Generated by Unit     : Not applicable or not available
    Generated by Type     : Not applicable or not available
    Message               : "type842.dll" was found but did not contain any components from the input file.
 
*** Notice at time        :         0.000000
    Generated by Unit     : Not applicable or not available
    Generated by Type     : Not applicable or not available
    Message               : "Type843.dll" was found but did not contain any components from the input file.
 
*** Notice at time        :         0.000000
    Generated by Unit     : Not applicable or not available
    Generated by Type     : Not applicable or not available
    Message               : "type877v119.dll" was found but did not contain any components from the input file.
 
*** Notice at time        :         0.000000
    Generated by Unit     : Not applicable or not available
    Generated by Type     : Not applicable or not available
    Message               : "type887.dll" was found but did not contain any components from the input file.
 
*** Notice at time        :         0.000000
    Generated by Unit     : Not applicable or not available
    Generated by Type     : Not applicable or not available
    Message               : "Type888.dll" was found but did not contain any components from the input file.
 
*** Notice at time        :         0.000000
    Generated by Unit     : Not applicable or not available
    Generated by Type     : Not applicable or not available
    Message               : "Type889.dll" was found but did not contain any components from the input file.
 
*** Notice at time        :         0.000000
    Generated by Unit     : Not applicable or not available
    Generated by Type     : Not applicable or not available
    Message               : "Type924v1.dll" was found but did not contain any components from the input file.
 
*** Notice at time        :         0.000000
    Generated by Unit     : Not applicable or not available
    Generated by Type     : Not applicable or not available
    Message               : "Type929.dll" was found but did not contain any components from the input file.
 
*** Notice at time        :         0.000000
    Generated by Unit     : Not applicable or not available
    Generated by Type     : Not applicable or not available
    Message               : "Type930.dll" was found but did not contain any components from the input file.
 
*** Notice at time        :         0.000000
    Generated by Unit     : Not applicable or not available
    Generated by Type     : Not applicable or not available
    Message               : "Type931.dll" was found but did not contain any components from the input file.
 
*** Notice at time        :         0.000000
    Generated by Unit     : Not applicable or not available
    Generated by Type     : Not applicable or not available
    Message               : "Type966.dll" was found but did not contain any components from the input file.
 
*** Notice at time        :         0.000000
    Generated by Unit     : Not applicable or not available
    Generated by Type     : Not applicable or not available
    Message               : "Type985.dll" was found but did not contain any components from the input file.
 
*** Notice at time        :         0.000000
    Generated by Unit     : Not applicable or not available
    Generated by Type     : Not applicable or not available
    TRNSYS Message    199 : TRNSYS found at least one user DLL in the UserLib directory. (Note: Only DLL's including Types that are used in the simulation are loaded)
    Reported information  : 2 user DLLs were loaded after searching in "C:\Trnsys17\UserLib\ReleaseDLLs"
 
*** End of the simulation
    Total Notices         :       111
    Total Warnings        :         1
    Total Fatal Errors    :         0
 
    Total TRNSYS Calculation Time     :           297.1900 seconds
    Calculation time inside the Types :            26.4000 seconds
 
    TRNSYS Calculation Time Breakdown by Unit Number
    Unit     5 :           0.270000 seconds
    Unit   130 :          25.709999 seconds
    Unit   139 :           0.420000 seconds
 
    TRNSYS Calculation Time Breakdown by Type Number
    Type     9 :           0.270000 seconds
    Type    25 :           0.420000 seconds
    Type   861 :          25.709999 seconds
 
    TRNSYS Iterative Call Breakdown by Unit Number
    Unit     5 :              32403 calls
    Unit   130 :              48603 calls
    Unit   139 :              16203 calls
